#
# A fatal error has been detected by the Java Runtime Environment:
#
#  EXCEPTION_ACCESS_VIOLATION (0xc0000005) at pc=0x0000000054fdf570, pid=16336, tid=0x0000000000003bf8
#
# JRE version: OpenJDK Runtime Environment (8.0) (build 1.8.0-adoptopenjdk-_2018_05_19_00_59-b00)
# Java VM: OpenJDK 64-Bit Server VM (25.71-b00 mixed mode windows-amd64 compressed oops)
# Problematic frame:
# V  [jvm.dll+0x46f570]
#
# Failed to write core dump. Minidumps are not enabled by default on client versions of Windows
#
# If you would like to submit a bug report, please visit:
#   http://bugreport.java.com/bugreport/crash.jsp
#

---------------  T H R E A D  ---------------

Current thread (0x0000000019c68000):  JavaThread "C2 CompilerThread1" daemon [_thread_in_native, id=15352, stack(0x000000001c460000,0x000000001c560000)]

siginfo: ExceptionCode=0xc0000005, reading address 0xffffffffffffffff

Registers:
RAX=0x0000000000000000, RBX=0x0000000000000000, RCX=0x000080005533c570, RDX=0x0000000000000000
RSP=0x000000001c55c080, RBP=0x0000000000000001, RSI=0x0000000000000008, RDI=0x000000001c55c0d0
R8 =0x0000000000000000, R9 =0x0000000000001494, R10=0x0000000054b70000, R11=0x000000001c55bfa0
R12=0x000000000001b3c0, R13=0x00000000000003e4, R14=0x0000000054b70000, R15=0x00000000000003d8
RIP=0x0000000054fdf570, EFLAGS=0x0000000000010246

Top of Stack: (sp=0x000000001c55c080)
0x000000001c55c080:   000000001c55e860 000000001f2c3050
0x000000001c55c090:   fffffffffffffff8 0000000019c55c80
0x000000001c55c0a0:   0000000000000001 0000000054fdae75
0x000000001c55c0b0:   000000001f2c19d0 0000000000000000
0x000000001c55c0c0:   000000001c55c1b0 0000000000000000
0x000000001c55c0d0:   0000000000000000 0000000000000008
0x000000001c55c0e0:   000080005533c570 0000000000000000
0x000000001c55c0f0:   000000001e72ef10 0000000000000016
0x000000001c55c100:   000000001f234d50 000000001c55c4a0
0x000000001c55c110:   000000001bb947d8 000000001bb94400
0x000000001c55c120:   000000001c55c230 0000000054fa6d8a
0x000000001c55c130:   0000000000000000 000000001bb943f0
0x000000001c55c140:   000000001c55c4a0 0000000000000000
0x000000001c55c150:   0000000000000006 000000001bb943f0
0x000000001c55c160:   000000001efeb710 000000001efed700
0x000000001c55c170:   000000001eff36f8 0000000000412398 

Instructions: (pc=0x0000000054fdf570)
0x0000000054fdf550:   48 8b 4f 20 48 39 04 0e 0f 84 9d 00 00 00 48 8b
0x0000000054fdf560:   0c 0e 33 d2 33 c0 48 89 4f 10 66 0f 1f 44 00 00
0x0000000054fdf570:   83 3c 08 00 0f 85 36 01 00 00 ff c2 48 83 c0 04
0x0000000054fdf580:   83 fa 08 72 eb 48 8b 47 30 48 89 44 24 30 48 85 


Register to memory mapping:

RAX=0x0000000000000000 is an unknown value
RBX=0x0000000000000000 is an unknown value
RCX=0x000080005533c570 is an unknown value
RDX=0x0000000000000000 is an unknown value
RSP=0x000000001c55c080 is pointing into the stack for thread: 0x0000000019c68000
RBP=0x0000000000000001 is an unknown value
RSI=0x0000000000000008 is an unknown value
RDI=0x000000001c55c0d0 is pointing into the stack for thread: 0x0000000019c68000
R8 =0x0000000000000000 is an unknown value
R9 =0x0000000000001494 is an unknown value
R10=0x0000000054b70000 is an unknown value
R11=0x000000001c55bfa0 is pointing into the stack for thread: 0x0000000019c68000
R12=0x000000000001b3c0 is an unknown value
R13=0x00000000000003e4 is an unknown value
R14=0x0000000054b70000 is an unknown value
R15=0x00000000000003d8 is an unknown value


Stack: [0x000000001c460000,0x000000001c560000],  sp=0x000000001c55c080,  free space=1008k
Native frames: (J=compiled Java code, j=interpreted, Vv=VM code, C=native code)
V  [jvm.dll+0x46f570]
V  [jvm.dll+0x46ae75]
V  [jvm.dll+0x436d8a]
V  [jvm.dll+0x44188b]
V  [jvm.dll+0x44415e]
V  [jvm.dll+0x427262]
V  [jvm.dll+0x81f48]
V  [jvm.dll+0x8287f]
V  [jvm.dll+0x21e17f]
V  [jvm.dll+0x26f57a]
C  [msvcr100.dll+0x21d9f]
C  [msvcr100.dll+0x21e3b]
C  [KERNEL32.DLL+0x17034]
C  [ntdll.dll+0x4cec1]


Current CompileTask:
C2:   2535 2340   !   4       com.sun.org.apache.xerces.internal.impl.XMLDocumentFragmentScannerImpl$FragmentContentDriver::next (2346 bytes)


---------------  P R O C E S S  ---------------

Java Threads: ( => current thread )
  0x000000001deef000 JavaThread "Keep-Alive-Timer" daemon [_thread_blocked, id=9340, stack(0x000000001ec70000,0x000000001ed70000)]
  0x000000001bbcc000 JavaThread "Service Thread" daemon [_thread_blocked, id=12796, stack(0x000000001c760000,0x000000001c860000)]
  0x000000001bb96000 JavaThread "C1 CompilerThread3" daemon [_thread_blocked, id=18340, stack(0x000000001c660000,0x000000001c760000)]
  0x000000001bb8f000 JavaThread "C2 CompilerThread2" daemon [_thread_in_native, id=13156, stack(0x000000001c560000,0x000000001c660000)]
=>0x0000000019c68000 JavaThread "C2 CompilerThread1" daemon [_thread_in_native, id=15352, stack(0x000000001c460000,0x000000001c560000)]
  0x000000001bb8b000 JavaThread "C2 CompilerThread0" daemon [_thread_in_native, id=3672, stack(0x000000001c360000,0x000000001c460000)]
  0x000000001bb89800 JavaThread "Attach Listener" daemon [_thread_blocked, id=8772, stack(0x000000001c260000,0x000000001c360000)]
  0x000000001bb88800 JavaThread "Signal Dispatcher" daemon [_thread_blocked, id=12368, stack(0x000000001c160000,0x000000001c260000)]
  0x00000000026cd800 JavaThread "Finalizer" daemon [_thread_blocked, id=17324, stack(0x000000001bf50000,0x000000001c050000)]
  0x0000000019c5b800 JavaThread "Reference Handler" daemon [_thread_blocked, id=13896, stack(0x000000001ba50000,0x000000001bb50000)]
  0x00000000025d4000 JavaThread "main" [_thread_in_native, id=17040, stack(0x0000000002470000,0x0000000002570000)]

Other Threads:
  0x0000000019c56800 VMThread [stack: 0x000000001b950000,0x000000001ba50000] [id=15356]
  0x000000001bbcd800 WatcherThread [stack: 0x000000001c860000,0x000000001c960000] [id=6348]

VM state:not at safepoint (normal execution)

VM Mutex/Monitor currently owned by a thread: None

Heap:
 PSYoungGen      total 57344K, used 53562K [0x0000000780400000, 0x0000000784400000, 0x00000007c0000000)
  eden space 49152K, 93% used [0x0000000780400000,0x00000007830b07c8,0x0000000783400000)
  from space 8192K, 95% used [0x0000000783400000,0x0000000783b9e250,0x0000000783c00000)
  to   space 8192K, 0% used [0x0000000783c00000,0x0000000783c00000,0x0000000784400000)
 ParOldGen       total 131072K, used 96K [0x0000000700c00000, 0x0000000708c00000, 0x0000000780400000)
  object space 131072K, 0% used [0x0000000700c00000,0x0000000700c18010,0x0000000708c00000)
 Metaspace       used 17328K, capacity 17750K, committed 18048K, reserved 1064960K
  class space    used 1979K, capacity 2113K, committed 2176K, reserved 1048576K

Card table byte_map: [0x0000000011a90000,0x0000000012090000] byte_map_base: 0x000000000e28a000

Marking Bits: (ParMarkBitMap*) 0x000000005533be50
 Begin Bits: [0x0000000012c90000, 0x0000000015c60000)
 End Bits:   [0x0000000015c60000, 0x0000000018c30000)

Polling page: 0x0000000002410000

CodeCache: size=245760Kb used=8809Kb max_used=8838Kb free=236950Kb
 bounds [0x00000000026d0000, 0x0000000002f80000, 0x00000000116d0000]
 total_blobs=2914 nmethods=2495 adapters=333
 compilation: enabled

Compilation events (10 events):
Event: 2.485 Thread 0x000000001bb96000 2468       3       com.sun.org.apache.xerces.internal.utils.XMLSecurityManager::readSystemProperties (99 bytes)
Event: 2.486 Thread 0x000000001bb96000 nmethod 2468 0x0000000002f49590 code [0x0000000002f497a0, 0x0000000002f4a2e8]
Event: 2.486 Thread 0x000000001bb96000 2469       3       com.sun.xml.internal.bind.v2.runtime.unmarshaller.Scope::<init> (10 bytes)
Event: 2.486 Thread 0x000000001bb96000 nmethod 2469 0x0000000002f491d0 code [0x0000000002f49320, 0x0000000002f494f0]
Event: 2.486 Thread 0x000000001bb96000 2470       3       com.sun.org.apache.xerces.internal.impl.XMLDocumentScannerImpl::setProperty (84 bytes)
Event: 2.487 Thread 0x000000001bb96000 nmethod 2470 0x0000000002f47c50 code [0x0000000002f47e60, 0x0000000002f48cd8]
Event: 2.487 Thread 0x000000001bb96000 2471       3       com.sun.org.apache.xerces.internal.impl.XMLDocumentFragmentScannerImpl::setProperty (154 bytes)
Event: 2.488 Thread 0x000000001bb96000 nmethod 2471 0x0000000002f4e550 code [0x0000000002f4e800, 0x0000000002f500d8]
Event: 2.488 Thread 0x000000001bb96000 2472       3       sun.reflect.ReflectionFactory::newConstructorAccessor (132 bytes)
Event: 2.490 Thread 0x000000001bb96000 nmethod 2472 0x0000000002f50910 code [0x0000000002f50c80, 0x0000000002f52c38]

GC Heap History (2 events):
Event: 1.788 GC heap before
{Heap before GC invocations=1 (full 0):
 PSYoungGen      total 57344K, used 49152K [0x0000000780400000, 0x0000000784400000, 0x00000007c0000000)
  eden space 49152K, 100% used [0x0000000780400000,0x0000000783400000,0x0000000783400000)
  from space 8192K, 0% used [0x0000000783c00000,0x0000000783c00000,0x0000000784400000)
  to   space 8192K, 0% used [0x0000000783400000,0x0000000783400000,0x0000000783c00000)
 ParOldGen       total 131072K, used 0K [0x0000000700c00000, 0x0000000708c00000, 0x0000000780400000)
  object space 131072K, 0% used [0x0000000700c00000,0x0000000700c00000,0x0000000708c00000)
 Metaspace       used 16653K, capacity 17070K, committed 17280K, reserved 1064960K
  class space    used 1948K, capacity 2085K, committed 2176K, reserved 1048576K
Event: 1.802 GC heap after
Heap after GC invocations=1 (full 0):
 PSYoungGen      total 57344K, used 7800K [0x0000000780400000, 0x0000000784400000, 0x00000007c0000000)
  eden space 49152K, 0% used [0x0000000780400000,0x0000000780400000,0x0000000783400000)
  from space 8192K, 95% used [0x0000000783400000,0x0000000783b9e250,0x0000000783c00000)
  to   space 8192K, 0% used [0x0000000783c00000,0x0000000783c00000,0x0000000784400000)
 ParOldGen       total 131072K, used 96K [0x0000000700c00000, 0x0000000708c00000, 0x0000000780400000)
  object space 131072K, 0% used [0x0000000700c00000,0x0000000700c18010,0x0000000708c00000)
 Metaspace       used 16653K, capacity 17070K, committed 17280K, reserved 1064960K
  class space    used 1948K, capacity 2085K, committed 2176K, reserved 1048576K
}

Deoptimization events (10 events):
Event: 2.038 Thread 0x00000000025d4000 Uncommon trap: reason=unstable_if action=reinterpret pc=0x0000000002cba540 method=java.lang.AbstractStringBuilder.append(Ljava/lang/CharSequence;)Ljava/lang/AbstractStringBuilder; @ 13
Event: 2.203 Thread 0x00000000025d4000 Uncommon trap: reason=unstable_if action=reinterpret pc=0x0000000002cc27bc method=com.sun.org.apache.xerces.internal.impl.XMLEntityScanner.peekChar()I @ 14
Event: 2.203 Thread 0x00000000025d4000 Uncommon trap: reason=unstable_if action=reinterpret pc=0x0000000002e21070 method=com.sun.xml.internal.bind.v2.runtime.unmarshaller.ValidatingUnmarshaller.text(Ljava/lang/CharSequence;)V @ 13
Event: 2.207 Thread 0x00000000025d4000 Uncommon trap: reason=unstable_if action=reinterpret pc=0x0000000002c8cf94 method=java.util.regex.Pattern$NotBehind.match(Ljava/util/regex/Matcher;ILjava/lang/CharSequence;)Z @ 128
Event: 2.209 Thread 0x00000000025d4000 Uncommon trap: reason=unstable_if action=reinterpret pc=0x0000000002de9030 method=com.sun.xml.internal.bind.v2.runtime.unmarshaller.ValidatingUnmarshaller.text(Ljava/lang/CharSequence;)V @ 13
Event: 2.215 Thread 0x00000000025d4000 Uncommon trap: reason=unstable_if action=reinterpret pc=0x0000000002cad9b0 method=java.util.regex.Matcher.find()Z @ 34
Event: 2.223 Thread 0x00000000025d4000 Uncommon trap: reason=unstable_if action=reinterpret pc=0x0000000002e587d0 method=com.sun.org.apache.xerces.internal.impl.xpath.regex.RangeToken.match(I)Z @ 4
Event: 2.223 Thread 0x00000000025d4000 Uncommon trap: reason=unstable_if action=reinterpret pc=0x0000000002d5078c method=com.sun.org.apache.xerces.internal.impl.xpath.regex.RangeToken.match(I)Z @ 4
Event: 2.223 Thread 0x00000000025d4000 Uncommon trap: reason=unstable_if action=reinterpret pc=0x0000000002dd0d84 method=com.sun.org.apache.xerces.internal.util.IntStack.ensureCapacity(I)V @ 24
Event: 2.283 Thread 0x00000000025d4000 Uncommon trap: reason=unstable_if action=reinterpret pc=0x0000000002eed83c method=java.util.regex.Matcher.find()Z @ 34

Classes redefined (0 events):
No events

Internal exceptions (10 events):
Event: 0.785 Thread 0x00000000025d4000 Exception <a 'sun/nio/fs/WindowsException'> (0x0000000781779240) thrown at [C:\Users\jenkins\workspace\openjdk8_build_x86-64_windows\openjdk\hotspot\src\share\vm\prims\jni.cpp, line 709]
Event: 0.785 Thread 0x00000000025d4000 Exception <a 'sun/nio/fs/WindowsException'> (0x0000000781779950) thrown at [C:\Users\jenkins\workspace\openjdk8_build_x86-64_windows\openjdk\hotspot\src\share\vm\prims\jni.cpp, line 709]
Event: 1.612 Thread 0x00000000025d4000 Implicit null exception at 0x0000000002bae258 to 0x0000000002bae39d
Event: 1.730 Thread 0x00000000025d4000 Exception <a 'java/lang/ClassNotFoundException': com/sun/org/glassfish/hk2/osgiresourcelocator/ServiceLoader> (0x00000007831ee068) thrown at [C:\Users\jenkins\workspace\openjdk8_build_x86-64_windows\openjdk\hotspot\src\share\vm\classfile\systemDictionary.
Event: 2.043 Thread 0x00000000025d4000 Exception <a 'sun/nio/fs/WindowsException'> (0x0000000780aa5978) thrown at [C:\Users\jenkins\workspace\openjdk8_build_x86-64_windows\openjdk\hotspot\src\share\vm\prims\jni.cpp, line 709]
Event: 2.043 Thread 0x00000000025d4000 Exception <a 'sun/nio/fs/WindowsException'> (0x0000000780aa5e30) thrown at [C:\Users\jenkins\workspace\openjdk8_build_x86-64_windows\openjdk\hotspot\src\share\vm\prims\jni.cpp, line 709]
Event: 2.073 Thread 0x00000000025d4000 Exception <a 'java/lang/ClassNotFoundException': com/sun/org/glassfish/hk2/osgiresourcelocator/ServiceLoader> (0x0000000780aedba8) thrown at [C:\Users\jenkins\workspace\openjdk8_build_x86-64_windows\openjdk\hotspot\src\share\vm\classfile\systemDictionary.
Event: 2.129 Thread 0x00000000025d4000 Exception <a 'java/lang/ClassNotFoundException': com/sun/org/glassfish/hk2/osgiresourcelocator/ServiceLoader> (0x0000000780ce4cc0) thrown at [C:\Users\jenkins\workspace\openjdk8_build_x86-64_windows\openjdk\hotspot\src\share\vm\classfile\systemDictionary.
Event: 2.223 Thread 0x00000000025d4000 Implicit null exception at 0x0000000002e56ad8 to 0x0000000002e58781
Event: 2.223 Thread 0x00000000025d4000 Implicit null exception at 0x0000000002d506d0 to 0x0000000002d50775

Events (10 events):
Event: 2.415 Thread 0x00000000025d4000 DEOPT PACKING pc=0x0000000002ef56d2 sp=0x000000000256e140
Event: 2.415 Thread 0x00000000025d4000 DEOPT UNPACKING pc=0x00000000027171d0 sp=0x000000000256dec8 mode 0
Event: 2.419 Thread 0x00000000025d4000 DEOPT PACKING pc=0x0000000002ef56d2 sp=0x000000000256e140
Event: 2.419 Thread 0x00000000025d4000 DEOPT UNPACKING pc=0x00000000027171d0 sp=0x000000000256dec8 mode 0
Event: 2.453 Thread 0x00000000025d4000 DEOPT PACKING pc=0x0000000002ef56d2 sp=0x000000000256e140
Event: 2.453 Thread 0x00000000025d4000 DEOPT UNPACKING pc=0x00000000027171d0 sp=0x000000000256dec8 mode 0
Event: 2.458 Thread 0x00000000025d4000 DEOPT PACKING pc=0x0000000002ef56d2 sp=0x000000000256e140
Event: 2.458 Thread 0x00000000025d4000 DEOPT UNPACKING pc=0x00000000027171d0 sp=0x000000000256dec8 mode 0
Event: 2.462 Executing VM operation: ForceSafepoint
Event: 2.463 Executing VM operation: ForceSafepoint done


Dynamic libraries:
0x00007ff7b5440000 - 0x00007ff7b5475000 	D:\UnityEditor\2019.4.20f1\Editor\Data\PlaybackEngines\AndroidPlayer\OpenJDK\bin\java.exe
0x00007ffb43510000 - 0x00007ffb43706000 	C:\Windows\SYSTEM32\ntdll.dll
0x00007ffb42970000 - 0x00007ffb42a2d000 	C:\Windows\System32\KERNEL32.DLL
0x00007ffb40d30000 - 0x00007ffb40ff8000 	C:\Windows\System32\KERNELBASE.dll
0x00007ffb42d30000 - 0x00007ffb42ddc000 	C:\Windows\System32\ADVAPI32.dll
0x00007ffb43100000 - 0x00007ffb4319e000 	C:\Windows\System32\msvcrt.dll
0x00007ffb42460000 - 0x00007ffb424fb000 	C:\Windows\System32\sechost.dll
0x00007ffb415d0000 - 0x00007ffb416f4000 	C:\Windows\System32\RPCRT4.dll
0x00007ffb42eb0000 - 0x00007ffb43050000 	C:\Windows\System32\USER32.dll
0x00007ffb40d00000 - 0x00007ffb40d22000 	C:\Windows\System32\win32u.dll
0x00007ffb41760000 - 0x00007ffb4178a000 	C:\Windows\System32\GDI32.dll
0x00007ffb41160000 - 0x00007ffb41269000 	C:\Windows\System32\gdi32full.dll
0x00007ffb41480000 - 0x00007ffb4151d000 	C:\Windows\System32\msvcp_win.dll
0x00007ffb41000000 - 0x00007ffb41100000 	C:\Windows\System32\ucrtbase.dll
0x00007ffb40150000 - 0x00007ffb403eb000 	C:\Windows\WinSxS\amd64_microsoft.windows.common-controls_6595b64144ccf1df_6.0.19041.488_none_ca04af081b815d21\COMCTL32.dll
0x00007ffb42be0000 - 0x00007ffb42c10000 	C:\Windows\System32\IMM32.DLL
0x00000000559d0000 - 0x0000000055aa2000 	D:\UnityEditor\2019.4.20f1\Editor\Data\PlaybackEngines\AndroidPlayer\OpenJDK\jre\bin\msvcr100.dll
0x0000000054b70000 - 0x00000000553b9000 	D:\UnityEditor\2019.4.20f1\Editor\Data\PlaybackEngines\AndroidPlayer\OpenJDK\jre\bin\server\jvm.dll
0x00007ffb431b0000 - 0x00007ffb431b8000 	C:\Windows\System32\PSAPI.DLL
0x00007ffb324c0000 - 0x00007ffb324e7000 	C:\Windows\SYSTEM32\WINMM.dll
0x00007ffb372b0000 - 0x00007ffb372b9000 	C:\Windows\SYSTEM32\WSOCK32.dll
0x00007ffb390f0000 - 0x00007ffb390fa000 	C:\Windows\SYSTEM32\VERSION.dll
0x00007ffb42cc0000 - 0x00007ffb42d2b000 	C:\Windows\System32\WS2_32.dll
0x00007ffb36b70000 - 0x00007ffb36b7f000 	D:\UnityEditor\2019.4.20f1\Editor\Data\PlaybackEngines\AndroidPlayer\OpenJDK\jre\bin\verify.dll
0x00007ffadd990000 - 0x00007ffadd9b9000 	D:\UnityEditor\2019.4.20f1\Editor\Data\PlaybackEngines\AndroidPlayer\OpenJDK\jre\bin\java.dll
0x00007ffadd7c0000 - 0x00007ffadd7d6000 	D:\UnityEditor\2019.4.20f1\Editor\Data\PlaybackEngines\AndroidPlayer\OpenJDK\jre\bin\zip.dll
0x00007ffb41790000 - 0x00007ffb41ed1000 	C:\Windows\System32\SHELL32.dll
0x00007ffb3dff0000 - 0x00007ffb3e785000 	C:\Windows\SYSTEM32\windows.storage.dll
0x00007ffb42100000 - 0x00007ffb42455000 	C:\Windows\System32\combase.dll
0x00007ffb3fea0000 - 0x00007ffb3fecc000 	C:\Windows\SYSTEM32\Wldp.dll
0x00007ffb42c10000 - 0x00007ffb42cbe000 	C:\Windows\System32\SHCORE.dll
0x00007ffb41700000 - 0x00007ffb41755000 	C:\Windows\System32\shlwapi.dll
0x00007ffb40b80000 - 0x00007ffb40ba6000 	C:\Windows\SYSTEM32\profapi.dll
0x00007ffadd610000 - 0x00007ffadd62a000 	D:\UnityEditor\2019.4.20f1\Editor\Data\PlaybackEngines\AndroidPlayer\OpenJDK\jre\bin\net.dll
0x00007ffb3fd20000 - 0x00007ffb3fd8a000 	C:\Windows\system32\mswsock.dll
0x00007ffadd0e0000 - 0x00007ffadd0f1000 	D:\UnityEditor\2019.4.20f1\Editor\Data\PlaybackEngines\AndroidPlayer\OpenJDK\jre\bin\nio.dll
0x00007ffad90e0000 - 0x00007ffad9104000 	D:\UnityEditor\2019.4.20f1\Editor\Data\PlaybackEngines\AndroidPlayer\OpenJDK\jre\bin\sunec.dll
0x00007ffb409e0000 - 0x00007ffb409f8000 	C:\Windows\SYSTEM32\CRYPTSP.dll
0x00007ffb3f700000 - 0x00007ffb3f734000 	C:\Windows\system32\rsaenh.dll
0x00007ffb40cd0000 - 0x00007ffb40cf7000 	C:\Windows\System32\bcrypt.dll
0x00007ffb40b40000 - 0x00007ffb40b6e000 	C:\Windows\SYSTEM32\USERENV.dll
0x00007ffb40c50000 - 0x00007ffb40ccf000 	C:\Windows\System32\bcryptprimitives.dll
0x00007ffb3ff70000 - 0x00007ffb3ff7c000 	C:\Windows\SYSTEM32\CRYPTBASE.dll
0x00007ffb3fa40000 - 0x00007ffb3fa7b000 	C:\Windows\SYSTEM32\IPHLPAPI.DLL
0x00007ffb431a0000 - 0x00007ffb431a8000 	C:\Windows\System32\NSI.dll
0x00007ffb39f20000 - 0x00007ffb39f37000 	C:\Windows\SYSTEM32\dhcpcsvc6.DLL
0x00007ffb39f00000 - 0x00007ffb39f1d000 	C:\Windows\SYSTEM32\dhcpcsvc.DLL
0x00007ffb3fa80000 - 0x00007ffb3fb4b000 	C:\Windows\SYSTEM32\DNSAPI.dll
0x00007ffb36b60000 - 0x00007ffb36b6b000 	D:\UnityEditor\2019.4.20f1\Editor\Data\PlaybackEngines\AndroidPlayer\OpenJDK\jre\bin\sunmscapi.dll
0x00007ffb41270000 - 0x00007ffb413cd000 	C:\Windows\System32\CRYPT32.dll
0x00007ffb39610000 - 0x00007ffb3961a000 	C:\Windows\System32\rasadhlp.dll
0x00007ffb39100000 - 0x00007ffb3917f000 	C:\Windows\System32\fwpuclnt.dll
0x00007ffb406d0000 - 0x00007ffb408b4000 	C:\Windows\SYSTEM32\dbghelp.dll

VM Arguments:
jvm_args: -Dfile.encoding=UTF-8 -Dcom.android.sdklib.toolsdir=D:\UnityEditor\2019.4.20f1\Editor\Data\PlaybackEngines\AndroidPlayer\SDK\tools\bin\\.. 
java_command: com.android.sdklib.tool.sdkmanager.SdkManagerCli --list
java_class_path (initial): D:\UnityEditor\2019.4.20f1\Editor\Data\PlaybackEngines\AndroidPlayer\SDK\tools\bin\..\lib\dvlib-26.0.0-dev.jar;D:\UnityEditor\2019.4.20f1\Editor\Data\PlaybackEngines\AndroidPlayer\SDK\tools\bin\..\lib\jimfs-1.1.jar;D:\UnityEditor\2019.4.20f1\Editor\Data\PlaybackEngines\AndroidPlayer\SDK\tools\bin\..\lib\jsr305-1.3.9.jar;D:\UnityEditor\2019.4.20f1\Editor\Data\PlaybackEngines\AndroidPlayer\SDK\tools\bin\..\lib\repository-26.0.0-dev.jar;D:\UnityEditor\2019.4.20f1\Editor\Data\PlaybackEngines\AndroidPlayer\SDK\tools\bin\..\lib\j2objc-annotations-1.1.jar;D:\UnityEditor\2019.4.20f1\Editor\Data\PlaybackEngines\AndroidPlayer\SDK\tools\bin\..\lib\layoutlib-api-26.0.0-dev.jar;D:\UnityEditor\2019.4.20f1\Editor\Data\PlaybackEngines\AndroidPlayer\SDK\tools\bin\..\lib\gson-2.3.jar;D:\UnityEditor\2019.4.20f1\Editor\Data\PlaybackEngines\AndroidPlayer\SDK\tools\bin\..\lib\httpcore-4.2.5.jar;D:\UnityEditor\2019.4.20f1\Editor\Data\PlaybackEngines\AndroidPlayer\SDK\tools\bin\..\lib\commons-logging-1.1.1.jar;D:\UnityEditor\2019.4.20f1\Editor\Data\PlaybackEngines\AndroidPlayer\SDK\tools\bin\..\lib\commons-compress-1.12.jar;D:\UnityEditor\2019.4.20f1\Editor\Data\PlaybackEngines\AndroidPlayer\SDK\tools\bin\..\lib\annotations-26.0.0-dev.jar;D:\UnityEditor\2019.4.20f1\Editor\Data\PlaybackEngines\AndroidPlayer\SDK\tools\bin\..\lib\error_prone_annotations-2.0.18.jar;D:\UnityEditor\2019.4.20f1\Editor\Data\PlaybackEngines\AndroidPlayer\SDK\tools\bin\..\lib\animal-sniffer-annotations-1.14.jar;D:\UnityEditor\2019.4.20f1\Editor\Data\PlaybackEngines\AndroidPlayer\SDK\tools\bin\..\lib\httpclient-4.2.6.jar;D:\UnityEditor\2019.4.20f1\Editor\Data\PlaybackEngines\AndroidPlayer\SDK\tools\bin\..\lib\commons-codec-1.6.jar;D:\UnityEditor\2019.4.20f1\Editor\Data\PlaybackEngines\AndroidPlayer\SDK\tools\bin\..\lib\common-26.0.0-dev.jar;D:\UnityEditor\2019.4.20f1\Editor\Data\PlaybackEngines\AndroidPlayer\SDK\tools\bin\..\lib\kxml2-2.3.0.jar;D:\UnityEditor\2019.4.20f1\Editor\Data\Playb
Launcher Type: SUN_STANDARD

Environment Variables:
JAVA_HOME=D:/UnityEditor/2019.4.20f1/Editor/Data/PlaybackEngines/AndroidPlayer\OpenJDK
JAVA_TOOL_OPTIONS=-Dfile.encoding=UTF-8
PATH=C:\Windows\system32;C:\Windows;C:\Windows\System32\Wbem;C:\Windows\System32\WindowsPowerShell\v1.0\;C:\Windows\System32\OpenSSH\;C:\Program Files\dotnet\;C:\Program Files (x86)\dotnet\;C:\Users\exogo\AppData\Local\Microsoft\WindowsApps;C:\Users\exogo\.dotnet\tools
USERNAME=exogo
OS=Windows_NT
PROCESSOR_IDENTIFIER=AMD64 Family 21 Model 2 Stepping 0, AuthenticAMD



---------------  S Y S T E M  ---------------

OS: Windows 10.0 , 64 bit Build 19041 (10.0.19041.546)

CPU:total 8 (initial active 8) (8 cores per cpu, 1 threads per core) family 21 model 2 stepping 0, cmov, cx8, fxsr, mmx, sse, sse2, sse3, ssse3, sse4.1, sse4.2, popcnt, avx, aes, clmul, mmxext, 3dnowpref, lzcnt, sse4a, tsc, tscinvbit, tscinv, bmi1

Memory: 4k page, physical 12528056k(5065316k free), swap 25110968k(12200500k free)

vm_info: OpenJDK 64-Bit Server VM (25.71-b00) for windows-amd64 JRE (1.8.0-adoptopenjdk-_2018_05_19_00_59-b00), built on May 19 2018 01:02:12 by "jenkins" with MS VC++ 10.0 (VS2010)

time: Wed Jul 28 20:03:52 2021
elapsed time: 2 seconds (0d 0h 0m 2s)

